{
  "RSpec": {
    "coverage": {
      "/Users/chrishandley/Challenges/Sudoku-Challenge/lib/sudoku.rb": [
        1,
        1,
        null,
        null,
        1,
        1,
        null,
        1,
        null,
        1,
        0,
        0,
        0,
        0,
        0,
        0,
        null,
        null,
        null,
        null,
        null,
        null,
        null,
        null,
        null,
        null,
        1,
        null
      ],
      "/Users/chrishandley/Challenges/Sudoku-Challenge/lib/game.rb": [
        6,
        null,
        1,
        null,
        1,
        6,
        null,
        null,
        1,
        107,
        null,
        null,
        1,
        1,
        1,
        null,
        null,
        1,
        34,
        34,
        34,
        null,
        null,
        1,
        38,
        null,
        null,
        null
      ],
      "/Users/chrishandley/Challenges/Sudoku-Challenge/lib/board.rb": [
        5,
        1,
        null,
        1,
        1,
        null,
        1,
        14,
        14,
        14,
        null,
        null,
        null,
        1,
        12,
        12,
        12,
        null,
        null,
        1,
        99,
        null,
        null,
        1,
        1481,
        4072,
        null,
        null,
        null,
        1,
        718,
        null,
        null,
        1,
        140,
        null,
        null,
        null,
        null,
        null
      ],
      "/Users/chrishandley/Challenges/Sudoku-Challenge/lib/region.rb": [
        1,
        null,
        1,
        123,
        null,
        null,
        1,
        1423,
        null,
        null,
        1,
        111,
        null,
        null,
        1,
        532,
        null,
        null,
        1,
        1153,
        null,
        null,
        1,
        2,
        null,
        null,
        1,
        4,
        14,
        null,
        null,
        null,
        1,
        10,
        7,
        null,
        null,
        1,
        791,
        106,
        791,
        null,
        null,
        null
      ],
      "/Users/chrishandley/Challenges/Sudoku-Challenge/lib/square.rb": [
        1,
        null,
        1,
        null,
        1,
        38,
        36,
        35,
        null,
        null,
        1,
        685,
        null,
        null,
        1,
        3531,
        null,
        null,
        null,
        null
      ],
      "/Users/chrishandley/Challenges/Sudoku-Challenge/lib/board_viewer.rb": [
        1,
        null,
        1,
        2,
        2,
        null,
        null,
        null
      ],
      "/Users/chrishandley/Challenges/Sudoku-Challenge/lib/board_maker.rb": [
        1,
        null,
        1,
        164,
        null,
        null,
        null,
        1,
        48,
        null,
        null,
        1,
        16,
        null,
        null,
        1,
        16,
        16,
        25,
        45,
        null,
        null,
        16,
        null,
        null,
        null,
        1,
        1,
        null,
        null,
        1,
        14,
        null,
        null,
        1,
        14,
        153,
        null,
        null,
        null,
        1,
        111,
        618,
        111,
        111,
        null,
        null,
        null
      ]
    },
    "timestamp": 1423231258
  }
}
