{
  "RSpec": {
    "coverage": {
      "/Users/chrishandley/Challenges/Sudoku-Challenge/lib/sudoku.rb": [
        1,
        1,
        null,
        null,
        1,
        1,
        null,
        1,
        0,
        0,
        0,
        0,
        null,
        null,
        1,
        0,
        null,
        null,
        1,
        0,
        0,
        null,
        null,
        1,
        null
      ],
      "/Users/chrishandley/Challenges/Sudoku-Challenge/lib/game.rb": [
        6,
        null,
        1,
        null,
        1,
        7,
        null,
        null,
        1,
        154,
        null,
        null,
        1,
        1,
        1,
        null,
        null,
        1,
        37,
        37,
        37,
        37,
        36,
        null,
        null,
        1,
        43,
        null,
        null,
        1,
        1,
        1,
        null,
        null,
        null
      ],
      "/Users/chrishandley/Challenges/Sudoku-Challenge/lib/board.rb": [
        5,
        1,
        1,
        1,
        null,
        null,
        1,
        20,
        20,
        20,
        null,
        null,
        1,
        16,
        16,
        16,
        null,
        null,
        1,
        129,
        null,
        null,
        1,
        1566,
        3698,
        null,
        null,
        1,
        1453,
        null,
        null,
        1,
        74,
        null,
        null,
        1,
        6,
        5,
        5,
        5,
        null,
        null,
        1,
        2,
        2,
        2,
        null,
        null,
        1,
        2,
        null,
        null
      ],
      "/Users/chrishandley/Challenges/Sudoku-Challenge/lib/region.rb": [
        1,
        null,
        1,
        153,
        null,
        null,
        1,
        1502,
        null,
        null,
        1,
        142,
        null,
        null,
        1,
        634,
        null,
        null,
        1,
        1874,
        null,
        null,
        1,
        2,
        null,
        null,
        1,
        4,
        14,
        null,
        null,
        null,
        1,
        10,
        7,
        null,
        null,
        1,
        1604,
        223,
        1604,
        null,
        null,
        null
      ],
      "/Users/chrishandley/Challenges/Sudoku-Challenge/lib/square.rb": [
        1,
        1,
        null,
        1,
        46,
        45,
        44,
        null,
        null,
        1,
        3,
        null,
        null,
        1,
        3622,
        null,
        null,
        null
      ],
      "/Users/chrishandley/Challenges/Sudoku-Challenge/lib/board_viewer.rb": [
        1,
        1,
        0,
        0,
        null,
        null,
        1,
        6,
        null,
        null,
        1,
        4,
        null,
        null,
        1,
        4,
        null,
        null
      ],
      "/Users/chrishandley/Challenges/Sudoku-Challenge/lib/board_maker.rb": [
        1,
        1,
        204,
        null,
        null,
        1,
        60,
        null,
        null,
        1,
        20,
        null,
        null,
        1,
        20,
        20,
        31,
        55,
        null,
        null,
        20,
        null,
        null,
        null,
        1,
        1,
        null,
        null,
        1,
        18,
        null,
        null,
        1,
        18,
        195,
        null,
        null,
        null,
        1,
        141,
        750,
        141,
        141,
        null,
        null
      ]
    },
    "timestamp": 1423583383
  }
}
