{"/Users/nickdyer/projects/Sudoku-Challenge/specs/cellspec.js":{"path":"/Users/nickdyer/projects/Sudoku-Challenge/specs/cellspec.js","s":{"1":1,"2":1,"3":1,"4":1,"5":1,"6":1,"7":6,"8":6,"9":1,"10":1,"11":1,"12":1,"13":1,"14":1,"15":1,"16":1,"17":1,"18":1,"19":1,"20":1,"21":1,"22":1,"23":1,"24":1,"25":1,"26":1,"27":1,"28":1,"29":1},"b":{},"f":{"1":1,"2":6,"3":1,"4":1,"5":1,"6":1,"7":1,"8":1,"9":1,"10":1,"11":1,"12":1},"fnMap":{"1":{"name":"(anonymous_1)","line":5,"loc":{"start":{"line":5,"column":17},"end":{"line":5,"column":28}}},"2":{"name":"(anonymous_2)","line":9,"loc":{"start":{"line":9,"column":13},"end":{"line":9,"column":28}}},"3":{"name":"(anonymous_3)","line":14,"loc":{"start":{"line":14,"column":31},"end":{"line":14,"column":42}}},"4":{"name":"(anonymous_4)","line":18,"loc":{"start":{"line":18,"column":33},"end":{"line":18,"column":44}}},"5":{"name":"(anonymous_5)","line":23,"loc":{"start":{"line":23,"column":51},"end":{"line":23,"column":62}}},"6":{"name":"(anonymous_6)","line":24,"loc":{"start":{"line":24,"column":12},"end":{"line":24,"column":23}}},"7":{"name":"(anonymous_7)","line":28,"loc":{"start":{"line":28,"column":47},"end":{"line":28,"column":58}}},"8":{"name":"(anonymous_8)","line":29,"loc":{"start":{"line":29,"column":12},"end":{"line":29,"column":23}}},"9":{"name":"(anonymous_9)","line":33,"loc":{"start":{"line":33,"column":47},"end":{"line":33,"column":58}}},"10":{"name":"(anonymous_10)","line":34,"loc":{"start":{"line":34,"column":12},"end":{"line":34,"column":23}}},"11":{"name":"(anonymous_11)","line":38,"loc":{"start":{"line":38,"column":44},"end":{"line":38,"column":55}}},"12":{"name":"(anonymous_12)","line":39,"loc":{"start":{"line":39,"column":12},"end":{"line":39,"column":23}}}},"statementMap":{"1":{"start":{"line":1,"column":0},"end":{"line":1,"column":27}},"2":{"start":{"line":2,"column":0},"end":{"line":2,"column":25}},"3":{"start":{"line":3,"column":0},"end":{"line":5,"column":0}},"4":{"start":{"line":5,"column":0},"end":{"line":43,"column":3}},"5":{"start":{"line":7,"column":2},"end":{"line":7,"column":11}},"6":{"start":{"line":9,"column":2},"end":{"line":12,"column":5}},"7":{"start":{"line":10,"column":4},"end":{"line":10,"column":22}},"8":{"start":{"line":11,"column":4},"end":{"line":11,"column":11}},"9":{"start":{"line":14,"column":2},"end":{"line":16,"column":5}},"10":{"start":{"line":15,"column":4},"end":{"line":15,"column":38}},"11":{"start":{"line":18,"column":2},"end":{"line":21,"column":5}},"12":{"start":{"line":19,"column":4},"end":{"line":19,"column":24}},"13":{"start":{"line":20,"column":4},"end":{"line":20,"column":35}},"14":{"start":{"line":23,"column":2},"end":{"line":26,"column":5}},"15":{"start":{"line":24,"column":4},"end":{"line":24,"column":86}},"16":{"start":{"line":24,"column":25},"end":{"line":24,"column":46}},"17":{"start":{"line":25,"column":4},"end":{"line":25,"column":38}},"18":{"start":{"line":28,"column":2},"end":{"line":31,"column":5}},"19":{"start":{"line":29,"column":4},"end":{"line":29,"column":91}},"20":{"start":{"line":29,"column":25},"end":{"line":29,"column":46}},"21":{"start":{"line":30,"column":4},"end":{"line":30,"column":38}},"22":{"start":{"line":33,"column":2},"end":{"line":36,"column":5}},"23":{"start":{"line":34,"column":4},"end":{"line":34,"column":97}},"24":{"start":{"line":34,"column":25},"end":{"line":34,"column":50}},"25":{"start":{"line":35,"column":4},"end":{"line":35,"column":38}},"26":{"start":{"line":38,"column":2},"end":{"line":41,"column":5}},"27":{"start":{"line":39,"column":4},"end":{"line":39,"column":85}},"28":{"start":{"line":39,"column":25},"end":{"line":39,"column":45}},"29":{"start":{"line":40,"column":4},"end":{"line":40,"column":38}}},"branchMap":{}},"/Users/nickdyer/projects/Sudoku-Challenge/public/js/cell.js":{"path":"/Users/nickdyer/projects/Sudoku-Challenge/public/js/cell.js","s":{"1":1,"2":6,"3":1,"4":5,"5":1,"6":5,"7":1,"8":1,"9":5,"10":2,"11":3,"12":1,"13":2,"14":1,"15":1,"16":5,"17":1,"18":3,"19":1,"20":2,"21":1},"b":{"1":[6,6],"2":[2,3],"3":[1,2],"4":[1,1],"5":[5,4]},"f":{"1":6,"2":5,"3":5,"4":5,"5":5,"6":3,"7":2},"fnMap":{"1":{"name":"(anonymous_1)","line":3,"loc":{"start":{"line":3,"column":13},"end":{"line":3,"column":29}}},"2":{"name":"(anonymous_2)","line":7,"loc":{"start":{"line":7,"column":27},"end":{"line":7,"column":38}}},"3":{"name":"(anonymous_3)","line":11,"loc":{"start":{"line":11,"column":31},"end":{"line":11,"column":48}}},"4":{"name":"(anonymous_4)","line":16,"loc":{"start":{"line":16,"column":40},"end":{"line":16,"column":57}}},"5":{"name":"(anonymous_5)","line":22,"loc":{"start":{"line":22,"column":40},"end":{"line":22,"column":57}}},"6":{"name":"(anonymous_6)","line":26,"loc":{"start":{"line":26,"column":31},"end":{"line":26,"column":48}}},"7":{"name":"(anonymous_7)","line":30,"loc":{"start":{"line":30,"column":28},"end":{"line":30,"column":45}}}},"statementMap":{"1":{"start":{"line":3,"column":2},"end":{"line":5,"column":4}},"2":{"start":{"line":4,"column":4},"end":{"line":4,"column":31}},"3":{"start":{"line":7,"column":2},"end":{"line":9,"column":4}},"4":{"start":{"line":8,"column":4},"end":{"line":8,"column":31}},"5":{"start":{"line":11,"column":2},"end":{"line":14,"column":4}},"6":{"start":{"line":12,"column":4},"end":{"line":12,"column":38}},"7":{"start":{"line":13,"column":4},"end":{"line":13,"column":24}},"8":{"start":{"line":16,"column":2},"end":{"line":20,"column":4}},"9":{"start":{"line":17,"column":4},"end":{"line":17,"column":95}},"10":{"start":{"line":17,"column":45},"end":{"line":17,"column":93}},"11":{"start":{"line":18,"column":4},"end":{"line":18,"column":91}},"12":{"start":{"line":18,"column":36},"end":{"line":18,"column":89}},"13":{"start":{"line":19,"column":4},"end":{"line":19,"column":90}},"14":{"start":{"line":19,"column":33},"end":{"line":19,"column":88}},"15":{"start":{"line":22,"column":2},"end":{"line":24,"column":4}},"16":{"start":{"line":23,"column":4},"end":{"line":23,"column":40}},"17":{"start":{"line":26,"column":2},"end":{"line":28,"column":4}},"18":{"start":{"line":27,"column":4},"end":{"line":27,"column":38}},"19":{"start":{"line":30,"column":2},"end":{"line":32,"column":4}},"20":{"start":{"line":31,"column":4},"end":{"line":31,"column":40}},"21":{"start":{"line":34,"column":0},"end":{"line":34,"column":22}}},"branchMap":{"1":{"line":4,"type":"binary-expr","locations":[{"start":{"line":4,"column":17},"end":{"line":4,"column":22}},{"start":{"line":4,"column":26},"end":{"line":4,"column":30}}]},"2":{"line":17,"type":"if","locations":[{"start":{"line":17,"column":4},"end":{"line":17,"column":4}},{"start":{"line":17,"column":4},"end":{"line":17,"column":4}}]},"3":{"line":18,"type":"if","locations":[{"start":{"line":18,"column":4},"end":{"line":18,"column":4}},{"start":{"line":18,"column":4},"end":{"line":18,"column":4}}]},"4":{"line":19,"type":"if","locations":[{"start":{"line":19,"column":4},"end":{"line":19,"column":4}},{"start":{"line":19,"column":4},"end":{"line":19,"column":4}}]},"5":{"line":23,"type":"binary-expr","locations":[{"start":{"line":23,"column":11},"end":{"line":23,"column":23}},{"start":{"line":23,"column":27},"end":{"line":23,"column":39}}]}}},"/Users/nickdyer/projects/Sudoku-Challenge/specs/gridspec.js":{"path":"/Users/nickdyer/projects/Sudoku-Challenge/specs/gridspec.js","s":{"1":1,"2":1,"3":1,"4":1,"5":1,"6":1,"7":1,"8":1,"9":1,"10":1,"11":1,"12":1,"13":1,"14":1,"15":1,"16":1,"17":1,"18":1,"19":1,"20":1,"21":1,"22":1,"23":1,"24":1},"b":{},"f":{"1":1,"2":1,"3":1,"4":1,"5":1},"fnMap":{"1":{"name":"(anonymous_1)","line":5,"loc":{"start":{"line":5,"column":17},"end":{"line":5,"column":28}}},"2":{"name":"(anonymous_2)","line":9,"loc":{"start":{"line":9,"column":49},"end":{"line":9,"column":60}}},"3":{"name":"(anonymous_3)","line":15,"loc":{"start":{"line":15,"column":50},"end":{"line":15,"column":61}}},"4":{"name":"(anonymous_4)","line":22,"loc":{"start":{"line":22,"column":53},"end":{"line":22,"column":64}}},"5":{"name":"(anonymous_5)","line":29,"loc":{"start":{"line":29,"column":50},"end":{"line":29,"column":61}}}},"statementMap":{"1":{"start":{"line":1,"column":0},"end":{"line":1,"column":27}},"2":{"start":{"line":2,"column":0},"end":{"line":2,"column":25}},"3":{"start":{"line":3,"column":0},"end":{"line":3,"column":40}},"4":{"start":{"line":5,"column":0},"end":{"line":36,"column":3}},"5":{"start":{"line":7,"column":2},"end":{"line":7,"column":11}},"6":{"start":{"line":9,"column":2},"end":{"line":13,"column":5}},"7":{"start":{"line":10,"column":4},"end":{"line":10,"column":28}},"8":{"start":{"line":11,"column":4},"end":{"line":11,"column":16}},"9":{"start":{"line":12,"column":4},"end":{"line":12,"column":56}},"10":{"start":{"line":15,"column":2},"end":{"line":20,"column":5}},"11":{"start":{"line":16,"column":4},"end":{"line":16,"column":28}},"12":{"start":{"line":17,"column":4},"end":{"line":17,"column":16}},"13":{"start":{"line":18,"column":4},"end":{"line":18,"column":31}},"14":{"start":{"line":19,"column":4},"end":{"line":19,"column":51}},"15":{"start":{"line":22,"column":2},"end":{"line":27,"column":5}},"16":{"start":{"line":23,"column":4},"end":{"line":23,"column":28}},"17":{"start":{"line":24,"column":4},"end":{"line":24,"column":16}},"18":{"start":{"line":25,"column":4},"end":{"line":25,"column":31}},"19":{"start":{"line":26,"column":4},"end":{"line":26,"column":56}},"20":{"start":{"line":29,"column":2},"end":{"line":34,"column":5}},"21":{"start":{"line":30,"column":4},"end":{"line":30,"column":28}},"22":{"start":{"line":31,"column":4},"end":{"line":31,"column":16}},"23":{"start":{"line":32,"column":4},"end":{"line":32,"column":31}},"24":{"start":{"line":33,"column":4},"end":{"line":33,"column":53}}},"branchMap":{}},"/Users/nickdyer/projects/Sudoku-Challenge/public/js/grid.js":{"path":"/Users/nickdyer/projects/Sudoku-Challenge/public/js/grid.js","s":{"1":1,"2":4,"3":4,"4":4,"5":4,"6":4,"7":4,"8":4,"9":4,"10":4,"11":1,"12":4,"13":4,"14":4,"15":4,"16":1,"17":1,"18":9,"19":1,"20":1,"21":1,"22":9,"23":1,"24":1,"25":1,"26":9,"27":1,"28":1,"29":4,"30":4,"31":4,"32":36,"33":2916,"34":324,"35":1,"36":4,"37":4,"38":4,"39":36,"40":2916,"41":324,"42":1,"43":4,"44":4,"45":4,"46":36,"47":2916,"48":324,"49":1,"50":4,"51":4,"52":36,"53":1,"54":4,"55":4,"56":36,"57":1,"58":4,"59":4,"60":36,"61":1,"62":4,"63":4,"64":4,"65":36,"66":324,"67":324,"68":324,"69":1},"b":{"1":[324,2592],"2":[324,2592],"3":[324,2592]},"f":{"1":4,"2":4,"3":1,"4":9,"5":1,"6":9,"7":1,"8":9,"9":4,"10":36,"11":2916,"12":4,"13":36,"14":2916,"15":4,"16":36,"17":2916,"18":4,"19":36,"20":4,"21":36,"22":4,"23":36,"24":4,"25":36,"26":324},"fnMap":{"1":{"name":"(anonymous_1)","line":1,"loc":{"start":{"line":1,"column":11},"end":{"line":1,"column":29}}},"2":{"name":"(anonymous_2)","line":13,"loc":{"start":{"line":13,"column":22},"end":{"line":13,"column":33}}},"3":{"name":"(anonymous_3)","line":20,"loc":{"start":{"line":20,"column":34},"end":{"line":20,"column":62}}},"4":{"name":"(anonymous_4)","line":21,"loc":{"start":{"line":21,"column":47},"end":{"line":21,"column":62}}},"5":{"name":"(anonymous_5)","line":27,"loc":{"start":{"line":27,"column":34},"end":{"line":27,"column":55}}},"6":{"name":"(anonymous_6)","line":28,"loc":{"start":{"line":28,"column":39},"end":{"line":28,"column":54}}},"7":{"name":"(anonymous_7)","line":34,"loc":{"start":{"line":34,"column":37},"end":{"line":34,"column":61}}},"8":{"name":"(anonymous_8)","line":35,"loc":{"start":{"line":35,"column":45},"end":{"line":35,"column":60}}},"9":{"name":"(anonymous_9)","line":41,"loc":{"start":{"line":41,"column":29},"end":{"line":41,"column":40}}},"10":{"name":"(anonymous_10)","line":44,"loc":{"start":{"line":44,"column":28},"end":{"line":44,"column":45}}},"11":{"name":"(anonymous_11)","line":45,"loc":{"start":{"line":45,"column":37},"end":{"line":45,"column":53}}},"12":{"name":"(anonymous_12)","line":52,"loc":{"start":{"line":52,"column":28},"end":{"line":52,"column":39}}},"13":{"name":"(anonymous_13)","line":55,"loc":{"start":{"line":55,"column":28},"end":{"line":55,"column":45}}},"14":{"name":"(anonymous_14)","line":56,"loc":{"start":{"line":56,"column":37},"end":{"line":56,"column":53}}},"15":{"name":"(anonymous_15)","line":63,"loc":{"start":{"line":63,"column":31},"end":{"line":63,"column":42}}},"16":{"name":"(anonymous_16)","line":66,"loc":{"start":{"line":66,"column":31},"end":{"line":66,"column":48}}},"17":{"name":"(anonymous_17)","line":67,"loc":{"start":{"line":67,"column":37},"end":{"line":67,"column":53}}},"18":{"name":"(anonymous_18)","line":74,"loc":{"start":{"line":74,"column":30},"end":{"line":74,"column":41}}},"19":{"name":"(anonymous_19)","line":76,"loc":{"start":{"line":76,"column":28},"end":{"line":76,"column":44}}},"20":{"name":"(anonymous_20)","line":81,"loc":{"start":{"line":81,"column":32},"end":{"line":81,"column":43}}},"21":{"name":"(anonymous_21)","line":83,"loc":{"start":{"line":83,"column":31},"end":{"line":83,"column":48}}},"22":{"name":"(anonymous_22)","line":88,"loc":{"start":{"line":88,"column":29},"end":{"line":88,"column":40}}},"23":{"name":"(anonymous_23)","line":90,"loc":{"start":{"line":90,"column":28},"end":{"line":90,"column":45}}},"24":{"name":"(anonymous_24)","line":95,"loc":{"start":{"line":95,"column":29},"end":{"line":95,"column":40}}},"25":{"name":"(anonymous_25)","line":98,"loc":{"start":{"line":98,"column":31},"end":{"line":98,"column":43}}},"26":{"name":"(anonymous_26)","line":99,"loc":{"start":{"line":99,"column":30},"end":{"line":99,"column":42}}}},"statementMap":{"1":{"start":{"line":1,"column":0},"end":{"line":11,"column":2}},"2":{"start":{"line":2,"column":2},"end":{"line":2,"column":18}},"3":{"start":{"line":3,"column":2},"end":{"line":3,"column":17}},"4":{"start":{"line":4,"column":2},"end":{"line":4,"column":20}},"5":{"start":{"line":5,"column":2},"end":{"line":5,"column":18}},"6":{"start":{"line":6,"column":2},"end":{"line":6,"column":25}},"7":{"start":{"line":7,"column":2},"end":{"line":7,"column":67}},"8":{"start":{"line":8,"column":2},"end":{"line":8,"column":67}},"9":{"start":{"line":9,"column":2},"end":{"line":9,"column":70}},"10":{"start":{"line":10,"column":2},"end":{"line":10,"column":110}},"11":{"start":{"line":13,"column":0},"end":{"line":18,"column":2}},"12":{"start":{"line":14,"column":2},"end":{"line":14,"column":21}},"13":{"start":{"line":15,"column":2},"end":{"line":15,"column":20}},"14":{"start":{"line":16,"column":2},"end":{"line":16,"column":23}},"15":{"start":{"line":17,"column":2},"end":{"line":17,"column":21}},"16":{"start":{"line":20,"column":0},"end":{"line":25,"column":2}},"17":{"start":{"line":21,"column":2},"end":{"line":23,"column":5}},"18":{"start":{"line":22,"column":4},"end":{"line":22,"column":32}},"19":{"start":{"line":24,"column":2},"end":{"line":24,"column":31}},"20":{"start":{"line":27,"column":0},"end":{"line":32,"column":2}},"21":{"start":{"line":28,"column":2},"end":{"line":30,"column":5}},"22":{"start":{"line":29,"column":4},"end":{"line":29,"column":32}},"23":{"start":{"line":31,"column":2},"end":{"line":31,"column":31}},"24":{"start":{"line":34,"column":0},"end":{"line":39,"column":2}},"25":{"start":{"line":35,"column":2},"end":{"line":37,"column":5}},"26":{"start":{"line":36,"column":4},"end":{"line":36,"column":32}},"27":{"start":{"line":38,"column":2},"end":{"line":38,"column":31}},"28":{"start":{"line":41,"column":0},"end":{"line":50,"column":2}},"29":{"start":{"line":42,"column":2},"end":{"line":42,"column":19}},"30":{"start":{"line":43,"column":2},"end":{"line":43,"column":22}},"31":{"start":{"line":44,"column":2},"end":{"line":49,"column":5}},"32":{"start":{"line":45,"column":4},"end":{"line":48,"column":7}},"33":{"start":{"line":46,"column":6},"end":{"line":47,"column":53}},"34":{"start":{"line":47,"column":8},"end":{"line":47,"column":53}},"35":{"start":{"line":52,"column":0},"end":{"line":61,"column":2}},"36":{"start":{"line":53,"column":2},"end":{"line":53,"column":19}},"37":{"start":{"line":54,"column":2},"end":{"line":54,"column":21}},"38":{"start":{"line":55,"column":2},"end":{"line":60,"column":5}},"39":{"start":{"line":56,"column":4},"end":{"line":59,"column":7}},"40":{"start":{"line":57,"column":6},"end":{"line":58,"column":52}},"41":{"start":{"line":58,"column":8},"end":{"line":58,"column":52}},"42":{"start":{"line":63,"column":0},"end":{"line":72,"column":2}},"43":{"start":{"line":64,"column":2},"end":{"line":64,"column":19}},"44":{"start":{"line":65,"column":2},"end":{"line":65,"column":24}},"45":{"start":{"line":66,"column":2},"end":{"line":71,"column":5}},"46":{"start":{"line":67,"column":4},"end":{"line":70,"column":7}},"47":{"start":{"line":68,"column":6},"end":{"line":69,"column":55}},"48":{"start":{"line":69,"column":8},"end":{"line":69,"column":55}},"49":{"start":{"line":74,"column":0},"end":{"line":79,"column":2}},"50":{"start":{"line":75,"column":2},"end":{"line":75,"column":19}},"51":{"start":{"line":76,"column":2},"end":{"line":78,"column":5}},"52":{"start":{"line":77,"column":4},"end":{"line":77,"column":28}},"53":{"start":{"line":81,"column":0},"end":{"line":86,"column":2}},"54":{"start":{"line":82,"column":2},"end":{"line":82,"column":19}},"55":{"start":{"line":83,"column":2},"end":{"line":85,"column":5}},"56":{"start":{"line":84,"column":4},"end":{"line":84,"column":31}},"57":{"start":{"line":88,"column":0},"end":{"line":93,"column":2}},"58":{"start":{"line":89,"column":2},"end":{"line":89,"column":19}},"59":{"start":{"line":90,"column":2},"end":{"line":92,"column":5}},"60":{"start":{"line":91,"column":4},"end":{"line":91,"column":28}},"61":{"start":{"line":95,"column":0},"end":{"line":105,"column":2}},"62":{"start":{"line":96,"column":2},"end":{"line":96,"column":19}},"63":{"start":{"line":97,"column":2},"end":{"line":97,"column":12}},"64":{"start":{"line":98,"column":2},"end":{"line":104,"column":5}},"65":{"start":{"line":99,"column":4},"end":{"line":103,"column":7}},"66":{"start":{"line":100,"column":6},"end":{"line":100,"column":45}},"67":{"start":{"line":101,"column":6},"end":{"line":101,"column":70}},"68":{"start":{"line":102,"column":6},"end":{"line":102,"column":10}},"69":{"start":{"line":108,"column":0},"end":{"line":108,"column":22}}},"branchMap":{"1":{"line":46,"type":"if","locations":[{"start":{"line":46,"column":6},"end":{"line":46,"column":6}},{"start":{"line":46,"column":6},"end":{"line":46,"column":6}}]},"2":{"line":57,"type":"if","locations":[{"start":{"line":57,"column":6},"end":{"line":57,"column":6}},{"start":{"line":57,"column":6},"end":{"line":57,"column":6}}]},"3":{"line":68,"type":"if","locations":[{"start":{"line":68,"column":6},"end":{"line":68,"column":6}},{"start":{"line":68,"column":6},"end":{"line":68,"column":6}}]}}}}