{"/Users/nickdyer/projects/Sudoku-Challenge/specs/cellspec.js":{"path":"/Users/nickdyer/projects/Sudoku-Challenge/specs/cellspec.js","s":{"1":1,"2":1,"3":1,"4":1,"5":1,"6":1,"7":6,"8":6,"9":1,"10":1,"11":1,"12":1,"13":1,"14":1,"15":1,"16":1,"17":1,"18":1,"19":1,"20":1,"21":1,"22":1,"23":1,"24":1,"25":1,"26":1,"27":1,"28":1,"29":1},"b":{},"f":{"1":1,"2":6,"3":1,"4":1,"5":1,"6":1,"7":1,"8":1,"9":1,"10":1,"11":1,"12":1},"fnMap":{"1":{"name":"(anonymous_1)","line":5,"loc":{"start":{"line":5,"column":17},"end":{"line":5,"column":28}}},"2":{"name":"(anonymous_2)","line":9,"loc":{"start":{"line":9,"column":13},"end":{"line":9,"column":28}}},"3":{"name":"(anonymous_3)","line":14,"loc":{"start":{"line":14,"column":31},"end":{"line":14,"column":42}}},"4":{"name":"(anonymous_4)","line":18,"loc":{"start":{"line":18,"column":33},"end":{"line":18,"column":44}}},"5":{"name":"(anonymous_5)","line":23,"loc":{"start":{"line":23,"column":51},"end":{"line":23,"column":62}}},"6":{"name":"(anonymous_6)","line":24,"loc":{"start":{"line":24,"column":12},"end":{"line":24,"column":23}}},"7":{"name":"(anonymous_7)","line":28,"loc":{"start":{"line":28,"column":47},"end":{"line":28,"column":58}}},"8":{"name":"(anonymous_8)","line":29,"loc":{"start":{"line":29,"column":12},"end":{"line":29,"column":23}}},"9":{"name":"(anonymous_9)","line":33,"loc":{"start":{"line":33,"column":47},"end":{"line":33,"column":58}}},"10":{"name":"(anonymous_10)","line":34,"loc":{"start":{"line":34,"column":12},"end":{"line":34,"column":23}}},"11":{"name":"(anonymous_11)","line":38,"loc":{"start":{"line":38,"column":44},"end":{"line":38,"column":55}}},"12":{"name":"(anonymous_12)","line":39,"loc":{"start":{"line":39,"column":12},"end":{"line":39,"column":23}}}},"statementMap":{"1":{"start":{"line":1,"column":0},"end":{"line":1,"column":27}},"2":{"start":{"line":2,"column":0},"end":{"line":2,"column":25}},"3":{"start":{"line":3,"column":0},"end":{"line":5,"column":0}},"4":{"start":{"line":5,"column":0},"end":{"line":43,"column":3}},"5":{"start":{"line":7,"column":2},"end":{"line":7,"column":11}},"6":{"start":{"line":9,"column":2},"end":{"line":12,"column":5}},"7":{"start":{"line":10,"column":4},"end":{"line":10,"column":22}},"8":{"start":{"line":11,"column":4},"end":{"line":11,"column":11}},"9":{"start":{"line":14,"column":2},"end":{"line":16,"column":5}},"10":{"start":{"line":15,"column":4},"end":{"line":15,"column":38}},"11":{"start":{"line":18,"column":2},"end":{"line":21,"column":5}},"12":{"start":{"line":19,"column":4},"end":{"line":19,"column":24}},"13":{"start":{"line":20,"column":4},"end":{"line":20,"column":35}},"14":{"start":{"line":23,"column":2},"end":{"line":26,"column":5}},"15":{"start":{"line":24,"column":4},"end":{"line":24,"column":86}},"16":{"start":{"line":24,"column":25},"end":{"line":24,"column":46}},"17":{"start":{"line":25,"column":4},"end":{"line":25,"column":38}},"18":{"start":{"line":28,"column":2},"end":{"line":31,"column":5}},"19":{"start":{"line":29,"column":4},"end":{"line":29,"column":91}},"20":{"start":{"line":29,"column":25},"end":{"line":29,"column":46}},"21":{"start":{"line":30,"column":4},"end":{"line":30,"column":38}},"22":{"start":{"line":33,"column":2},"end":{"line":36,"column":5}},"23":{"start":{"line":34,"column":4},"end":{"line":34,"column":97}},"24":{"start":{"line":34,"column":25},"end":{"line":34,"column":50}},"25":{"start":{"line":35,"column":4},"end":{"line":35,"column":38}},"26":{"start":{"line":38,"column":2},"end":{"line":41,"column":5}},"27":{"start":{"line":39,"column":4},"end":{"line":39,"column":85}},"28":{"start":{"line":39,"column":25},"end":{"line":39,"column":45}},"29":{"start":{"line":40,"column":4},"end":{"line":40,"column":38}}},"branchMap":{}},"/Users/nickdyer/projects/Sudoku-Challenge/public/js/cell.js":{"path":"/Users/nickdyer/projects/Sudoku-Challenge/public/js/cell.js","s":{"1":1,"2":6,"3":1,"4":5,"5":1,"6":5,"7":1,"8":1,"9":5,"10":2,"11":3,"12":1,"13":2,"14":1,"15":1,"16":5,"17":1,"18":3,"19":1,"20":2,"21":1},"b":{"1":[6,6],"2":[2,3],"3":[1,2],"4":[1,1],"5":[5,4]},"f":{"1":6,"2":5,"3":5,"4":5,"5":5,"6":3,"7":2},"fnMap":{"1":{"name":"(anonymous_1)","line":3,"loc":{"start":{"line":3,"column":13},"end":{"line":3,"column":29}}},"2":{"name":"(anonymous_2)","line":7,"loc":{"start":{"line":7,"column":27},"end":{"line":7,"column":38}}},"3":{"name":"(anonymous_3)","line":11,"loc":{"start":{"line":11,"column":31},"end":{"line":11,"column":48}}},"4":{"name":"(anonymous_4)","line":16,"loc":{"start":{"line":16,"column":40},"end":{"line":16,"column":57}}},"5":{"name":"(anonymous_5)","line":22,"loc":{"start":{"line":22,"column":40},"end":{"line":22,"column":57}}},"6":{"name":"(anonymous_6)","line":26,"loc":{"start":{"line":26,"column":31},"end":{"line":26,"column":48}}},"7":{"name":"(anonymous_7)","line":30,"loc":{"start":{"line":30,"column":28},"end":{"line":30,"column":45}}}},"statementMap":{"1":{"start":{"line":3,"column":2},"end":{"line":5,"column":4}},"2":{"start":{"line":4,"column":4},"end":{"line":4,"column":31}},"3":{"start":{"line":7,"column":2},"end":{"line":9,"column":4}},"4":{"start":{"line":8,"column":4},"end":{"line":8,"column":31}},"5":{"start":{"line":11,"column":2},"end":{"line":14,"column":4}},"6":{"start":{"line":12,"column":4},"end":{"line":12,"column":38}},"7":{"start":{"line":13,"column":4},"end":{"line":13,"column":24}},"8":{"start":{"line":16,"column":2},"end":{"line":20,"column":4}},"9":{"start":{"line":17,"column":4},"end":{"line":17,"column":95}},"10":{"start":{"line":17,"column":45},"end":{"line":17,"column":93}},"11":{"start":{"line":18,"column":4},"end":{"line":18,"column":91}},"12":{"start":{"line":18,"column":36},"end":{"line":18,"column":89}},"13":{"start":{"line":19,"column":4},"end":{"line":19,"column":90}},"14":{"start":{"line":19,"column":33},"end":{"line":19,"column":88}},"15":{"start":{"line":22,"column":2},"end":{"line":24,"column":4}},"16":{"start":{"line":23,"column":4},"end":{"line":23,"column":40}},"17":{"start":{"line":26,"column":2},"end":{"line":28,"column":4}},"18":{"start":{"line":27,"column":4},"end":{"line":27,"column":38}},"19":{"start":{"line":30,"column":2},"end":{"line":32,"column":4}},"20":{"start":{"line":31,"column":4},"end":{"line":31,"column":40}},"21":{"start":{"line":34,"column":0},"end":{"line":34,"column":22}}},"branchMap":{"1":{"line":4,"type":"binary-expr","locations":[{"start":{"line":4,"column":17},"end":{"line":4,"column":22}},{"start":{"line":4,"column":26},"end":{"line":4,"column":30}}]},"2":{"line":17,"type":"if","locations":[{"start":{"line":17,"column":4},"end":{"line":17,"column":4}},{"start":{"line":17,"column":4},"end":{"line":17,"column":4}}]},"3":{"line":18,"type":"if","locations":[{"start":{"line":18,"column":4},"end":{"line":18,"column":4}},{"start":{"line":18,"column":4},"end":{"line":18,"column":4}}]},"4":{"line":19,"type":"if","locations":[{"start":{"line":19,"column":4},"end":{"line":19,"column":4}},{"start":{"line":19,"column":4},"end":{"line":19,"column":4}}]},"5":{"line":23,"type":"binary-expr","locations":[{"start":{"line":23,"column":11},"end":{"line":23,"column":23}},{"start":{"line":23,"column":27},"end":{"line":23,"column":39}}]}}},"/Users/nickdyer/projects/Sudoku-Challenge/specs/gridspec.js":{"path":"/Users/nickdyer/projects/Sudoku-Challenge/specs/gridspec.js","s":{"1":1,"2":1,"3":1,"4":1,"5":1,"6":1,"7":9,"8":9,"9":9,"10":1,"11":1,"12":1,"13":1,"14":1,"15":1,"16":1,"17":1,"18":1,"19":1,"20":1,"21":1,"22":1,"23":1,"24":1,"25":1,"26":1,"27":1,"28":1,"29":1,"30":1,"31":1,"32":1,"33":1,"34":1,"35":1,"36":1,"37":1,"38":1},"b":{},"f":{"1":1,"2":9,"3":1,"4":1,"5":1,"6":1,"7":1,"8":1,"9":1,"10":1,"11":1},"fnMap":{"1":{"name":"(anonymous_1)","line":5,"loc":{"start":{"line":5,"column":17},"end":{"line":5,"column":28}}},"2":{"name":"(anonymous_2)","line":8,"loc":{"start":{"line":8,"column":13},"end":{"line":8,"column":28}}},"3":{"name":"(anonymous_3)","line":14,"loc":{"start":{"line":14,"column":49},"end":{"line":14,"column":60}}},"4":{"name":"(anonymous_4)","line":18,"loc":{"start":{"line":18,"column":50},"end":{"line":18,"column":61}}},"5":{"name":"(anonymous_5)","line":23,"loc":{"start":{"line":23,"column":53},"end":{"line":23,"column":64}}},"6":{"name":"(anonymous_6)","line":28,"loc":{"start":{"line":28,"column":50},"end":{"line":28,"column":61}}},"7":{"name":"(anonymous_7)","line":33,"loc":{"start":{"line":33,"column":52},"end":{"line":33,"column":63}}},"8":{"name":"(anonymous_8)","line":38,"loc":{"start":{"line":38,"column":62},"end":{"line":38,"column":73}}},"9":{"name":"(anonymous_9)","line":43,"loc":{"start":{"line":43,"column":48},"end":{"line":43,"column":59}}},"10":{"name":"(anonymous_10)","line":49,"loc":{"start":{"line":49,"column":33},"end":{"line":49,"column":44}}},"11":{"name":"(anonymous_11)","line":55,"loc":{"start":{"line":55,"column":35},"end":{"line":55,"column":46}}}},"statementMap":{"1":{"start":{"line":1,"column":0},"end":{"line":1,"column":27}},"2":{"start":{"line":2,"column":0},"end":{"line":2,"column":25}},"3":{"start":{"line":3,"column":0},"end":{"line":3,"column":40}},"4":{"start":{"line":5,"column":0},"end":{"line":60,"column":3}},"5":{"start":{"line":7,"column":2},"end":{"line":7,"column":11}},"6":{"start":{"line":8,"column":2},"end":{"line":12,"column":5}},"7":{"start":{"line":9,"column":4},"end":{"line":9,"column":28}},"8":{"start":{"line":10,"column":4},"end":{"line":10,"column":16}},"9":{"start":{"line":11,"column":4},"end":{"line":11,"column":11}},"10":{"start":{"line":14,"column":2},"end":{"line":16,"column":5}},"11":{"start":{"line":15,"column":4},"end":{"line":15,"column":56}},"12":{"start":{"line":18,"column":2},"end":{"line":21,"column":5}},"13":{"start":{"line":19,"column":4},"end":{"line":19,"column":31}},"14":{"start":{"line":20,"column":4},"end":{"line":20,"column":65}},"15":{"start":{"line":23,"column":2},"end":{"line":26,"column":5}},"16":{"start":{"line":24,"column":4},"end":{"line":24,"column":31}},"17":{"start":{"line":25,"column":4},"end":{"line":25,"column":70}},"18":{"start":{"line":28,"column":2},"end":{"line":31,"column":5}},"19":{"start":{"line":29,"column":4},"end":{"line":29,"column":31}},"20":{"start":{"line":30,"column":4},"end":{"line":30,"column":68}},"21":{"start":{"line":33,"column":2},"end":{"line":36,"column":5}},"22":{"start":{"line":34,"column":4},"end":{"line":34,"column":105}},"23":{"start":{"line":35,"column":4},"end":{"line":35,"column":38}},"24":{"start":{"line":38,"column":2},"end":{"line":41,"column":5}},"25":{"start":{"line":39,"column":4},"end":{"line":39,"column":105}},"26":{"start":{"line":40,"column":4},"end":{"line":40,"column":60}},"27":{"start":{"line":43,"column":2},"end":{"line":47,"column":5}},"28":{"start":{"line":44,"column":4},"end":{"line":44,"column":105}},"29":{"start":{"line":45,"column":4},"end":{"line":45,"column":25}},"30":{"start":{"line":46,"column":4},"end":{"line":46,"column":49}},"31":{"start":{"line":49,"column":2},"end":{"line":53,"column":5}},"32":{"start":{"line":50,"column":4},"end":{"line":50,"column":105}},"33":{"start":{"line":51,"column":4},"end":{"line":51,"column":17}},"34":{"start":{"line":52,"column":4},"end":{"line":52,"column":127}},"35":{"start":{"line":55,"column":2},"end":{"line":59,"column":5}},"36":{"start":{"line":56,"column":4},"end":{"line":56,"column":105}},"37":{"start":{"line":57,"column":4},"end":{"line":57,"column":17}},"38":{"start":{"line":58,"column":4},"end":{"line":58,"column":127}}},"branchMap":{}},"/Users/nickdyer/projects/Sudoku-Challenge/public/js/grid.js":{"path":"/Users/nickdyer/projects/Sudoku-Challenge/public/js/grid.js","s":{"1":1,"2":9,"3":9,"4":9,"5":9,"6":9,"7":9,"8":9,"9":9,"10":9,"11":1,"12":9,"13":9,"14":9,"15":1,"16":2,"17":2,"18":5,"19":405,"20":1,"21":7,"22":7,"23":7,"24":567,"25":88,"26":7,"27":1,"28":2,"29":2,"30":2,"31":162,"32":2,"33":1,"34":406,"35":46,"36":1,"37":136,"38":136,"39":136,"40":136,"41":1224,"42":194,"43":136,"44":1,"45":1224,"46":1224,"47":1,"48":5,"49":5,"50":5,"51":405,"52":140,"53":265,"54":405,"55":1,"56":1,"57":1,"58":1,"59":81,"60":0,"61":1,"62":1,"63":1883,"64":16947,"65":1883,"66":1,"67":9,"68":9,"69":9,"70":1,"71":27,"72":27,"73":243,"74":19683,"75":2187,"76":1,"77":6561,"78":1,"79":6561,"80":1,"81":6561,"82":1,"83":9,"84":9,"85":9,"86":1,"87":27,"88":243,"89":1,"90":9,"91":9,"92":9,"93":81,"94":729,"95":729,"96":729,"97":1},"b":{"1":[88,479],"2":[46,360],"3":[406,89],"4":[194,1030],"5":[1224,426,230],"6":[140,265],"7":[0,81],"8":[2187,17496]},"f":{"1":9,"2":9,"3":2,"4":405,"5":7,"6":567,"7":2,"8":162,"9":406,"10":136,"11":1224,"12":1224,"13":5,"14":405,"15":1,"16":81,"17":1883,"18":16947,"19":9,"20":27,"21":243,"22":19683,"23":6561,"24":6561,"25":6561,"26":9,"27":27,"28":243,"29":9,"30":81,"31":729},"fnMap":{"1":{"name":"(anonymous_1)","line":1,"loc":{"start":{"line":1,"column":11},"end":{"line":1,"column":29}}},"2":{"name":"(anonymous_2)","line":13,"loc":{"start":{"line":13,"column":22},"end":{"line":13,"column":33}}},"3":{"name":"(anonymous_3)","line":19,"loc":{"start":{"line":19,"column":23},"end":{"line":19,"column":34}}},"4":{"name":"(anonymous_4)","line":22,"loc":{"start":{"line":22,"column":36},"end":{"line":22,"column":52}}},"5":{"name":"(anonymous_5)","line":28,"loc":{"start":{"line":28,"column":27},"end":{"line":28,"column":38}}},"6":{"name":"(anonymous_6)","line":31,"loc":{"start":{"line":31,"column":34},"end":{"line":31,"column":50}}},"7":{"name":"(anonymous_7)","line":38,"loc":{"start":{"line":38,"column":31},"end":{"line":38,"column":42}}},"8":{"name":"(anonymous_8)","line":41,"loc":{"start":{"line":41,"column":35},"end":{"line":41,"column":51}}},"9":{"name":"(anonymous_9)","line":47,"loc":{"start":{"line":47,"column":27},"end":{"line":47,"column":43}}},"10":{"name":"(anonymous_10)","line":52,"loc":{"start":{"line":52,"column":35},"end":{"line":52,"column":51}}},"11":{"name":"(anonymous_11)","line":56,"loc":{"start":{"line":56,"column":18},"end":{"line":56,"column":35}}},"12":{"name":"(anonymous_12)","line":64,"loc":{"start":{"line":64,"column":33},"end":{"line":64,"column":56}}},"13":{"name":"(anonymous_13)","line":71,"loc":{"start":{"line":71,"column":28},"end":{"line":71,"column":45}}},"14":{"name":"(anonymous_14)","line":74,"loc":{"start":{"line":74,"column":35},"end":{"line":74,"column":51}}},"15":{"name":"(anonymous_15)","line":84,"loc":{"start":{"line":84,"column":25},"end":{"line":84,"column":36}}},"16":{"name":"(anonymous_16)","line":87,"loc":{"start":{"line":87,"column":35},"end":{"line":87,"column":51}}},"17":{"name":"(anonymous_17)","line":93,"loc":{"start":{"line":93,"column":37},"end":{"line":93,"column":77}}},"18":{"name":"(anonymous_18)","line":94,"loc":{"start":{"line":94,"column":47},"end":{"line":94,"column":62}}},"19":{"name":"(anonymous_19)","line":100,"loc":{"start":{"line":100,"column":35},"end":{"line":100,"column":46}}},"20":{"name":"(anonymous_20)","line":106,"loc":{"start":{"line":106,"column":30},"end":{"line":106,"column":70}}},"21":{"name":"(anonymous_21)","line":108,"loc":{"start":{"line":108,"column":18},"end":{"line":108,"column":34}}},"22":{"name":"(anonymous_22)","line":109,"loc":{"start":{"line":109,"column":37},"end":{"line":109,"column":53}}},"23":{"name":"(anonymous_23)","line":115,"loc":{"start":{"line":115,"column":26},"end":{"line":115,"column":55}}},"24":{"name":"(anonymous_24)","line":119,"loc":{"start":{"line":119,"column":26},"end":{"line":119,"column":49}}},"25":{"name":"(anonymous_25)","line":123,"loc":{"start":{"line":123,"column":29},"end":{"line":123,"column":52}}},"26":{"name":"(anonymous_26)","line":127,"loc":{"start":{"line":127,"column":36},"end":{"line":127,"column":47}}},"27":{"name":"(anonymous_27)","line":133,"loc":{"start":{"line":133,"column":31},"end":{"line":133,"column":57}}},"28":{"name":"(anonymous_28)","line":134,"loc":{"start":{"line":134,"column":18},"end":{"line":134,"column":34}}},"29":{"name":"(anonymous_29)","line":139,"loc":{"start":{"line":139,"column":29},"end":{"line":139,"column":40}}},"30":{"name":"(anonymous_30)","line":142,"loc":{"start":{"line":142,"column":31},"end":{"line":142,"column":43}}},"31":{"name":"(anonymous_31)","line":143,"loc":{"start":{"line":143,"column":30},"end":{"line":143,"column":42}}}},"statementMap":{"1":{"start":{"line":1,"column":0},"end":{"line":11,"column":2}},"2":{"start":{"line":2,"column":2},"end":{"line":2,"column":18}},"3":{"start":{"line":3,"column":2},"end":{"line":3,"column":17}},"4":{"start":{"line":4,"column":2},"end":{"line":4,"column":20}},"5":{"start":{"line":5,"column":2},"end":{"line":5,"column":18}},"6":{"start":{"line":6,"column":2},"end":{"line":6,"column":25}},"7":{"start":{"line":7,"column":2},"end":{"line":7,"column":67}},"8":{"start":{"line":8,"column":2},"end":{"line":8,"column":67}},"9":{"start":{"line":9,"column":2},"end":{"line":9,"column":70}},"10":{"start":{"line":10,"column":2},"end":{"line":10,"column":110}},"11":{"start":{"line":13,"column":0},"end":{"line":17,"column":2}},"12":{"start":{"line":14,"column":2},"end":{"line":14,"column":21}},"13":{"start":{"line":15,"column":2},"end":{"line":15,"column":28}},"14":{"start":{"line":16,"column":2},"end":{"line":16,"column":27}},"15":{"start":{"line":19,"column":0},"end":{"line":26,"column":2}},"16":{"start":{"line":20,"column":2},"end":{"line":20,"column":19}},"17":{"start":{"line":21,"column":2},"end":{"line":25,"column":3}},"18":{"start":{"line":22,"column":4},"end":{"line":24,"column":7}},"19":{"start":{"line":23,"column":6},"end":{"line":23,"column":29}},"20":{"start":{"line":28,"column":0},"end":{"line":36,"column":2}},"21":{"start":{"line":29,"column":2},"end":{"line":29,"column":13}},"22":{"start":{"line":30,"column":2},"end":{"line":30,"column":19}},"23":{"start":{"line":31,"column":2},"end":{"line":34,"column":5}},"24":{"start":{"line":32,"column":4},"end":{"line":33,"column":21}},"25":{"start":{"line":33,"column":6},"end":{"line":33,"column":21}},"26":{"start":{"line":35,"column":2},"end":{"line":35,"column":16}},"27":{"start":{"line":38,"column":0},"end":{"line":45,"column":2}},"28":{"start":{"line":39,"column":2},"end":{"line":39,"column":20}},"29":{"start":{"line":40,"column":2},"end":{"line":40,"column":19}},"30":{"start":{"line":41,"column":2},"end":{"line":43,"column":5}},"31":{"start":{"line":42,"column":4},"end":{"line":42,"column":41}},"32":{"start":{"line":44,"column":2},"end":{"line":44,"column":18}},"33":{"start":{"line":47,"column":0},"end":{"line":50,"column":2}},"34":{"start":{"line":48,"column":2},"end":{"line":49,"column":66}},"35":{"start":{"line":49,"column":4},"end":{"line":49,"column":66}},"36":{"start":{"line":52,"column":0},"end":{"line":62,"column":2}},"37":{"start":{"line":53,"column":2},"end":{"line":53,"column":19}},"38":{"start":{"line":54,"column":2},"end":{"line":54,"column":62}},"39":{"start":{"line":55,"column":2},"end":{"line":55,"column":21}},"40":{"start":{"line":56,"column":2},"end":{"line":60,"column":5}},"41":{"start":{"line":57,"column":4},"end":{"line":59,"column":5}},"42":{"start":{"line":58,"column":6},"end":{"line":58,"column":29}},"43":{"start":{"line":61,"column":2},"end":{"line":61,"column":19}},"44":{"start":{"line":64,"column":0},"end":{"line":69,"column":2}},"45":{"start":{"line":65,"column":2},"end":{"line":65,"column":19}},"46":{"start":{"line":66,"column":4},"end":{"line":68,"column":81}},"47":{"start":{"line":71,"column":0},"end":{"line":82,"column":2}},"48":{"start":{"line":72,"column":2},"end":{"line":72,"column":19}},"49":{"start":{"line":73,"column":2},"end":{"line":73,"column":12}},"50":{"start":{"line":74,"column":2},"end":{"line":81,"column":5}},"51":{"start":{"line":75,"column":4},"end":{"line":79,"column":5}},"52":{"start":{"line":76,"column":6},"end":{"line":76,"column":38}},"53":{"start":{"line":78,"column":6},"end":{"line":78,"column":53}},"54":{"start":{"line":80,"column":4},"end":{"line":80,"column":8}},"55":{"start":{"line":84,"column":0},"end":{"line":91,"column":2}},"56":{"start":{"line":85,"column":2},"end":{"line":85,"column":19}},"57":{"start":{"line":86,"column":2},"end":{"line":86,"column":25}},"58":{"start":{"line":87,"column":2},"end":{"line":89,"column":5}},"59":{"start":{"line":88,"column":4},"end":{"line":88,"column":72}},"60":{"start":{"line":88,"column":50},"end":{"line":88,"column":70}},"61":{"start":{"line":90,"column":2},"end":{"line":90,"column":21}},"62":{"start":{"line":93,"column":0},"end":{"line":98,"column":2}},"63":{"start":{"line":94,"column":2},"end":{"line":96,"column":5}},"64":{"start":{"line":95,"column":4},"end":{"line":95,"column":32}},"65":{"start":{"line":97,"column":2},"end":{"line":97,"column":31}},"66":{"start":{"line":100,"column":0},"end":{"line":104,"column":2}},"67":{"start":{"line":101,"column":2},"end":{"line":101,"column":65}},"68":{"start":{"line":102,"column":2},"end":{"line":102,"column":64}},"69":{"start":{"line":103,"column":2},"end":{"line":103,"column":73}},"70":{"start":{"line":106,"column":0},"end":{"line":113,"column":2}},"71":{"start":{"line":107,"column":2},"end":{"line":107,"column":19}},"72":{"start":{"line":108,"column":2},"end":{"line":112,"column":5}},"73":{"start":{"line":109,"column":4},"end":{"line":111,"column":7}},"74":{"start":{"line":110,"column":6},"end":{"line":110,"column":87}},"75":{"start":{"line":110,"column":46},"end":{"line":110,"column":85}},"76":{"start":{"line":115,"column":0},"end":{"line":117,"column":2}},"77":{"start":{"line":116,"column":2},"end":{"line":116,"column":46}},"78":{"start":{"line":119,"column":0},"end":{"line":121,"column":2}},"79":{"start":{"line":120,"column":2},"end":{"line":120,"column":41}},"80":{"start":{"line":123,"column":0},"end":{"line":125,"column":2}},"81":{"start":{"line":124,"column":2},"end":{"line":124,"column":51}},"82":{"start":{"line":127,"column":0},"end":{"line":131,"column":2}},"83":{"start":{"line":128,"column":2},"end":{"line":128,"column":51}},"84":{"start":{"line":129,"column":2},"end":{"line":129,"column":56}},"85":{"start":{"line":130,"column":2},"end":{"line":130,"column":50}},"86":{"start":{"line":133,"column":0},"end":{"line":137,"column":2}},"87":{"start":{"line":134,"column":2},"end":{"line":136,"column":5}},"88":{"start":{"line":135,"column":4},"end":{"line":135,"column":23}},"89":{"start":{"line":139,"column":0},"end":{"line":149,"column":2}},"90":{"start":{"line":140,"column":2},"end":{"line":140,"column":19}},"91":{"start":{"line":141,"column":2},"end":{"line":141,"column":12}},"92":{"start":{"line":142,"column":2},"end":{"line":148,"column":5}},"93":{"start":{"line":143,"column":4},"end":{"line":147,"column":7}},"94":{"start":{"line":144,"column":6},"end":{"line":144,"column":45}},"95":{"start":{"line":145,"column":6},"end":{"line":145,"column":70}},"96":{"start":{"line":146,"column":6},"end":{"line":146,"column":10}},"97":{"start":{"line":152,"column":0},"end":{"line":152,"column":22}}},"branchMap":{"1":{"line":32,"type":"if","locations":[{"start":{"line":32,"column":4},"end":{"line":32,"column":4}},{"start":{"line":32,"column":4},"end":{"line":32,"column":4}}]},"2":{"line":48,"type":"if","locations":[{"start":{"line":48,"column":2},"end":{"line":48,"column":2}},{"start":{"line":48,"column":2},"end":{"line":48,"column":2}}]},"3":{"line":48,"type":"binary-expr","locations":[{"start":{"line":48,"column":6},"end":{"line":48,"column":30}},{"start":{"line":48,"column":34},"end":{"line":48,"column":76}}]},"4":{"line":57,"type":"if","locations":[{"start":{"line":57,"column":4},"end":{"line":57,"column":4}},{"start":{"line":57,"column":4},"end":{"line":57,"column":4}}]},"5":{"line":66,"type":"binary-expr","locations":[{"start":{"line":66,"column":12},"end":{"line":66,"column":79}},{"start":{"line":67,"column":4},"end":{"line":67,"column":84}},{"start":{"line":68,"column":4},"end":{"line":68,"column":78}}]},"6":{"line":75,"type":"if","locations":[{"start":{"line":75,"column":4},"end":{"line":75,"column":4}},{"start":{"line":75,"column":4},"end":{"line":75,"column":4}}]},"7":{"line":88,"type":"if","locations":[{"start":{"line":88,"column":4},"end":{"line":88,"column":4}},{"start":{"line":88,"column":4},"end":{"line":88,"column":4}}]},"8":{"line":110,"type":"if","locations":[{"start":{"line":110,"column":6},"end":{"line":110,"column":6}},{"start":{"line":110,"column":6},"end":{"line":110,"column":6}}]}}}}