TN:
SF:/Users/nickdyer/projects/Sudoku-Challenge/specs/cellspec.js
FN:5,(anonymous_1)
FN:9,(anonymous_2)
FN:14,(anonymous_3)
FN:18,(anonymous_4)
FN:23,(anonymous_5)
FN:24,(anonymous_6)
FN:28,(anonymous_7)
FN:29,(anonymous_8)
FN:33,(anonymous_9)
FN:34,(anonymous_10)
FN:38,(anonymous_11)
FN:39,(anonymous_12)
FNF:12
FNH:12
FNDA:1,(anonymous_1)
FNDA:6,(anonymous_2)
FNDA:1,(anonymous_3)
FNDA:1,(anonymous_4)
FNDA:1,(anonymous_5)
FNDA:1,(anonymous_6)
FNDA:1,(anonymous_7)
FNDA:1,(anonymous_8)
FNDA:1,(anonymous_9)
FNDA:1,(anonymous_10)
FNDA:1,(anonymous_11)
FNDA:1,(anonymous_12)
DA:1,1
DA:2,1
DA:3,1
DA:5,1
DA:7,1
DA:9,1
DA:10,6
DA:11,6
DA:14,1
DA:15,1
DA:18,1
DA:19,1
DA:20,1
DA:23,1
DA:24,1
DA:25,1
DA:28,1
DA:29,1
DA:30,1
DA:33,1
DA:34,1
DA:35,1
DA:38,1
DA:39,1
DA:40,1
LF:25
LH:25
BRF:0
BRH:0
end_of_record
TN:
SF:/Users/nickdyer/projects/Sudoku-Challenge/public/js/cell.js
FN:3,(anonymous_1)
FN:7,(anonymous_2)
FN:11,(anonymous_3)
FN:16,(anonymous_4)
FN:22,(anonymous_5)
FN:26,(anonymous_6)
FN:30,(anonymous_7)
FNF:7
FNH:7
FNDA:6,(anonymous_1)
FNDA:5,(anonymous_2)
FNDA:5,(anonymous_3)
FNDA:5,(anonymous_4)
FNDA:5,(anonymous_5)
FNDA:3,(anonymous_6)
FNDA:2,(anonymous_7)
DA:3,1
DA:4,6
DA:7,1
DA:8,5
DA:11,1
DA:12,5
DA:13,1
DA:16,1
DA:17,5
DA:18,3
DA:19,2
DA:22,1
DA:23,5
DA:26,1
DA:27,3
DA:30,1
DA:31,2
DA:34,1
LF:18
LH:18
BRDA:4,1,0,6
BRDA:4,1,1,6
BRDA:17,2,0,2
BRDA:17,2,1,3
BRDA:18,3,0,1
BRDA:18,3,1,2
BRDA:19,4,0,1
BRDA:19,4,1,1
BRDA:23,5,0,5
BRDA:23,5,1,4
BRF:10
BRH:10
end_of_record
TN:
SF:/Users/nickdyer/projects/Sudoku-Challenge/specs/gridspec.js
FN:5,(anonymous_1)
FN:9,(anonymous_2)
FN:15,(anonymous_3)
FN:22,(anonymous_4)
FN:29,(anonymous_5)
FNF:5
FNH:5
FNDA:1,(anonymous_1)
FNDA:1,(anonymous_2)
FNDA:1,(anonymous_3)
FNDA:1,(anonymous_4)
FNDA:1,(anonymous_5)
DA:1,1
DA:2,1
DA:3,1
DA:5,1
DA:7,1
DA:9,1
DA:10,1
DA:11,1
DA:12,1
DA:15,1
DA:16,1
DA:17,1
DA:18,1
DA:19,1
DA:22,1
DA:23,1
DA:24,1
DA:25,1
DA:26,1
DA:29,1
DA:30,1
DA:31,1
DA:32,1
DA:33,1
LF:24
LH:24
BRF:0
BRH:0
end_of_record
TN:
SF:/Users/nickdyer/projects/Sudoku-Challenge/public/js/grid.js
FN:1,(anonymous_1)
FN:13,(anonymous_2)
FN:20,(anonymous_3)
FN:21,(anonymous_4)
FN:27,(anonymous_5)
FN:28,(anonymous_6)
FN:34,(anonymous_7)
FN:35,(anonymous_8)
FN:41,(anonymous_9)
FN:44,(anonymous_10)
FN:45,(anonymous_11)
FN:52,(anonymous_12)
FN:55,(anonymous_13)
FN:56,(anonymous_14)
FN:63,(anonymous_15)
FN:66,(anonymous_16)
FN:67,(anonymous_17)
FN:74,(anonymous_18)
FN:76,(anonymous_19)
FN:81,(anonymous_20)
FN:83,(anonymous_21)
FN:88,(anonymous_22)
FN:90,(anonymous_23)
FN:95,(anonymous_24)
FN:98,(anonymous_25)
FN:99,(anonymous_26)
FNF:26
FNH:26
FNDA:4,(anonymous_1)
FNDA:4,(anonymous_2)
FNDA:1,(anonymous_3)
FNDA:9,(anonymous_4)
FNDA:1,(anonymous_5)
FNDA:9,(anonymous_6)
FNDA:1,(anonymous_7)
FNDA:9,(anonymous_8)
FNDA:4,(anonymous_9)
FNDA:36,(anonymous_10)
FNDA:2916,(anonymous_11)
FNDA:4,(anonymous_12)
FNDA:36,(anonymous_13)
FNDA:2916,(anonymous_14)
FNDA:4,(anonymous_15)
FNDA:36,(anonymous_16)
FNDA:2916,(anonymous_17)
FNDA:4,(anonymous_18)
FNDA:36,(anonymous_19)
FNDA:4,(anonymous_20)
FNDA:36,(anonymous_21)
FNDA:4,(anonymous_22)
FNDA:36,(anonymous_23)
FNDA:4,(anonymous_24)
FNDA:36,(anonymous_25)
FNDA:324,(anonymous_26)
DA:1,1
DA:2,4
DA:3,4
DA:4,4
DA:5,4
DA:6,4
DA:7,4
DA:8,4
DA:9,4
DA:10,4
DA:13,1
DA:14,4
DA:15,4
DA:16,4
DA:17,4
DA:20,1
DA:21,1
DA:22,9
DA:24,1
DA:27,1
DA:28,1
DA:29,9
DA:31,1
DA:34,1
DA:35,1
DA:36,9
DA:38,1
DA:41,1
DA:42,4
DA:43,4
DA:44,4
DA:45,36
DA:46,2916
DA:47,324
DA:52,1
DA:53,4
DA:54,4
DA:55,4
DA:56,36
DA:57,2916
DA:58,324
DA:63,1
DA:64,4
DA:65,4
DA:66,4
DA:67,36
DA:68,2916
DA:69,324
DA:74,1
DA:75,4
DA:76,4
DA:77,36
DA:81,1
DA:82,4
DA:83,4
DA:84,36
DA:88,1
DA:89,4
DA:90,4
DA:91,36
DA:95,1
DA:96,4
DA:97,4
DA:98,4
DA:99,36
DA:100,324
DA:101,324
DA:102,324
DA:108,1
LF:69
LH:69
BRDA:46,1,0,324
BRDA:46,1,1,2592
BRDA:57,2,0,324
BRDA:57,2,1,2592
BRDA:68,3,0,324
BRDA:68,3,1,2592
BRF:6
BRH:6
end_of_record
