TN:
SF:/Users/nickdyer/projects/Sudoku-Challenge/specs/cellspec.js
FN:5,(anonymous_1)
FN:9,(anonymous_2)
FN:14,(anonymous_3)
FN:18,(anonymous_4)
FN:23,(anonymous_5)
FN:24,(anonymous_6)
FN:28,(anonymous_7)
FN:29,(anonymous_8)
FN:33,(anonymous_9)
FN:34,(anonymous_10)
FN:38,(anonymous_11)
FN:39,(anonymous_12)
FNF:12
FNH:12
FNDA:1,(anonymous_1)
FNDA:6,(anonymous_2)
FNDA:1,(anonymous_3)
FNDA:1,(anonymous_4)
FNDA:1,(anonymous_5)
FNDA:1,(anonymous_6)
FNDA:1,(anonymous_7)
FNDA:1,(anonymous_8)
FNDA:1,(anonymous_9)
FNDA:1,(anonymous_10)
FNDA:1,(anonymous_11)
FNDA:1,(anonymous_12)
DA:1,1
DA:2,1
DA:3,1
DA:5,1
DA:7,1
DA:9,1
DA:10,6
DA:11,6
DA:14,1
DA:15,1
DA:18,1
DA:19,1
DA:20,1
DA:23,1
DA:24,1
DA:25,1
DA:28,1
DA:29,1
DA:30,1
DA:33,1
DA:34,1
DA:35,1
DA:38,1
DA:39,1
DA:40,1
LF:25
LH:25
BRF:0
BRH:0
end_of_record
TN:
SF:/Users/nickdyer/projects/Sudoku-Challenge/public/js/cell.js
FN:3,(anonymous_1)
FN:7,(anonymous_2)
FN:11,(anonymous_3)
FN:16,(anonymous_4)
FN:22,(anonymous_5)
FN:26,(anonymous_6)
FN:30,(anonymous_7)
FNF:7
FNH:7
FNDA:6,(anonymous_1)
FNDA:5,(anonymous_2)
FNDA:5,(anonymous_3)
FNDA:5,(anonymous_4)
FNDA:5,(anonymous_5)
FNDA:3,(anonymous_6)
FNDA:2,(anonymous_7)
DA:3,1
DA:4,6
DA:7,1
DA:8,5
DA:11,1
DA:12,5
DA:13,1
DA:16,1
DA:17,5
DA:18,3
DA:19,2
DA:22,1
DA:23,5
DA:26,1
DA:27,3
DA:30,1
DA:31,2
DA:34,1
LF:18
LH:18
BRDA:4,1,0,6
BRDA:4,1,1,6
BRDA:17,2,0,2
BRDA:17,2,1,3
BRDA:18,3,0,1
BRDA:18,3,1,2
BRDA:19,4,0,1
BRDA:19,4,1,1
BRDA:23,5,0,5
BRDA:23,5,1,4
BRF:10
BRH:10
end_of_record
TN:
SF:/Users/nickdyer/projects/Sudoku-Challenge/specs/gridspec.js
FN:5,(anonymous_1)
FN:9,(anonymous_2)
FN:15,(anonymous_3)
FN:22,(anonymous_4)
FN:29,(anonymous_5)
FN:36,(anonymous_6)
FN:43,(anonymous_7)
FNF:7
FNH:7
FNDA:1,(anonymous_1)
FNDA:1,(anonymous_2)
FNDA:1,(anonymous_3)
FNDA:1,(anonymous_4)
FNDA:1,(anonymous_5)
FNDA:1,(anonymous_6)
FNDA:1,(anonymous_7)
DA:1,1
DA:2,1
DA:3,1
DA:5,1
DA:7,1
DA:9,1
DA:10,1
DA:11,1
DA:12,1
DA:15,1
DA:16,1
DA:17,1
DA:18,1
DA:19,1
DA:22,1
DA:23,1
DA:24,1
DA:25,1
DA:26,1
DA:29,1
DA:30,1
DA:31,1
DA:32,1
DA:33,1
DA:36,1
DA:37,1
DA:38,1
DA:39,1
DA:40,1
DA:43,1
DA:44,1
DA:45,1
DA:46,1
DA:47,1
LF:34
LH:34
BRF:0
BRH:0
end_of_record
TN:
SF:/Users/nickdyer/projects/Sudoku-Challenge/public/js/grid.js
FN:1,(anonymous_1)
FN:13,(anonymous_2)
FN:19,(anonymous_3)
FN:23,(anonymous_4)
FN:31,(anonymous_5)
FN:39,(anonymous_6)
FN:42,(anonymous_7)
FN:52,(anonymous_8)
FN:55,(anonymous_9)
FN:61,(anonymous_10)
FN:62,(anonymous_11)
FN:68,(anonymous_12)
FN:74,(anonymous_13)
FN:76,(anonymous_14)
FN:77,(anonymous_15)
FN:83,(anonymous_16)
FN:87,(anonymous_17)
FN:91,(anonymous_18)
FN:95,(anonymous_19)
FN:101,(anonymous_20)
FN:102,(anonymous_21)
FN:107,(anonymous_22)
FN:110,(anonymous_23)
FN:111,(anonymous_24)
FNF:24
FNH:24
FNDA:6,(anonymous_1)
FNDA:6,(anonymous_2)
FNDA:1,(anonymous_3)
FNDA:9,(anonymous_4)
FNDA:9,(anonymous_5)
FNDA:2,(anonymous_6)
FNDA:162,(anonymous_7)
FNDA:1,(anonymous_8)
FNDA:81,(anonymous_9)
FNDA:20,(anonymous_10)
FNDA:180,(anonymous_11)
FNDA:6,(anonymous_12)
FNDA:18,(anonymous_13)
FNDA:162,(anonymous_14)
FNDA:13122,(anonymous_15)
FNDA:4374,(anonymous_16)
FNDA:4374,(anonymous_17)
FNDA:4374,(anonymous_18)
FNDA:6,(anonymous_19)
FNDA:18,(anonymous_20)
FNDA:162,(anonymous_21)
FNDA:6,(anonymous_22)
FNDA:54,(anonymous_23)
FNDA:486,(anonymous_24)
DA:1,1
DA:2,6
DA:3,6
DA:4,6
DA:5,6
DA:6,6
DA:7,6
DA:8,6
DA:9,6
DA:10,6
DA:13,1
DA:14,6
DA:15,6
DA:16,6
DA:19,1
DA:20,1
DA:21,1
DA:22,1
DA:23,1
DA:24,9
DA:25,2
DA:28,1
DA:31,1
DA:32,9
DA:33,9
DA:39,1
DA:40,2
DA:41,2
DA:42,2
DA:43,162
DA:44,64
DA:46,98
DA:48,162
DA:52,1
DA:53,1
DA:54,1
DA:55,1
DA:56,81
DA:58,1
DA:61,1
DA:62,20
DA:63,180
DA:65,20
DA:68,1
DA:69,6
DA:70,6
DA:71,6
DA:74,1
DA:75,18
DA:76,18
DA:77,162
DA:78,13122
DA:83,1
DA:84,4374
DA:87,1
DA:88,4374
DA:91,1
DA:92,4374
DA:95,1
DA:96,6
DA:97,6
DA:98,6
DA:101,1
DA:102,18
DA:103,162
DA:107,1
DA:108,6
DA:109,6
DA:110,6
DA:111,54
DA:112,486
DA:113,486
DA:114,486
DA:120,1
LF:74
LH:74
BRDA:24,1,0,2
BRDA:24,1,1,7
BRDA:33,2,0,9
BRDA:33,2,1,6
BRDA:33,2,2,2
BRDA:43,3,0,64
BRDA:43,3,1,98
BRDA:56,4,0,0
BRDA:56,4,1,81
BRDA:78,5,0,1458
BRDA:78,5,1,11664
BRF:11
BRH:10
end_of_record
